<?xml version="1.0" encoding="UTF-8"?>
<testng-results ignored="0" total="1" passed="1" failed="0" skipped="0">
  <reporter-output>
  </reporter-output>
  <suite started-at="2021-06-11T15:59:01 CDT" name="Default suite" finished-at="2021-06-11T15:59:11 CDT" duration-ms="10139">
    <groups>
    </groups>
    <test started-at="2021-06-11T15:59:01 CDT" name="Default test" finished-at="2021-06-11T15:59:11 CDT" duration-ms="10139">
      <class name="test.LoginInTest">
        <test-method is-config="true" signature="setUp()[pri:0, instance:test.LoginInTest@52102734]" started-at="2021-06-11T15:59:01 CDT" name="setUp" finished-at="2021-06-11T15:59:05 CDT" duration-ms="4124" status="PASS">
          <reporter-output>
          </reporter-output>
        </test-method> <!-- setUp -->
        <test-method signature="loginTest()[pri:1, instance:test.LoginInTest@52102734]" started-at="2021-06-11T15:59:05 CDT" name="loginTest" finished-at="2021-06-11T15:59:11 CDT" duration-ms="5949" status="PASS">
          <reporter-output>
          </reporter-output>
        </test-method> <!-- loginTest -->
      </class> <!-- test.LoginInTest -->
    </test> <!-- Default test -->
  </suite> <!-- Default suite -->
</testng-results>
